l 0x0000AA40 1
l 0x0000AA40 1
s 0x000AA40 1
s 0x000AA40 1
l 0x0000AA40 1
l 0x0000F231 1
l 0x0000AA40 1
l 0x0000AA41 1
l 0x0000AA42 1
l 0x0000AA43 1
s 0x0000AA40 1
s 0x0000AA41 1
s 0x0000AA42 1
s 0x0000AA43 1
s 0x0000AA44 1
s 0x0000AA45 1
s 0x0000AA46 1
s 0x0000AA47 1
s 0x0000AA47 1
s 0x0000AA47 1
s 0x0000AA47 1
l 0x0000AA47 1
l 0x0000AA40 1
l 0x0000AA41 1
l 0x0000AA42 1
l 0x0000AA40 1
l 0x0000AA41 1
l 0x00000058 1
l 0x00000068 1
l 0x00000058 1
l 0x00000068 1
l 0x00000040 1
l 0x0000000C 1
l 0x00000040 1
l 0x00000048 1
l 0x00000040 1
l 0x0000AA42 1
l 0x0000AA43 1
s 0x0000AA40 1
s 0x0000AA41 1
s 0x0000AA42 1
s 0x0000AA43 1
s 0x0000AA44 1
s 0x0000AA45 1
s 0x0000AA46 1
s 0x0000AA47 1
s 0x0000AA47 1
s 0x0000AA47 1
s 0x0000AA47 1
l 0x0000AA47 1
l 0x0000AA40 1
l 0x0000AA41 1
l 0x0000AA42 1
l 0x0000AA40 1
l 0x0000AA41 1
l 0x0000AA42 1
l 0x0000AA43 1
s 0x0000AA40 1
s 0x0000AA41 1
s 0x0000AA42 1
s 0x0000AA43 1
s 0x0000AA44 1
s 0x0000AA45 1
s 0x0000AA46 1
s 0x0000AA47 1
s 0x0000AA47 1
s 0x0000AA47 1
s 0x0000AA47 1
l 0x0000AA47 1
l 0x0000AA40 1
l 0x0000AA41 1
l 0x0000AA42 1
l 0x0000AA40 1
l 0x0000AA41 1
l 0x0000AA42 1
l 0x0000AA43 1
s 0x0000AA40 1
s 0x0000AA41 1
s 0x0000AA42 1
s 0x0000AA43 1
s 0x0000AA44 1
s 0x0000AA45 1
s 0x0000AA46 1
s 0x0000AA47 1
s 0x0000AA47 1
s 0x0000AA47 1
s 0x0000AA47 1
l 0x0000AA47 1
l 0x0000AA40 1
l 0x0000AA41 1
l 0x0000AA42 1
l 0x0000AA40 1
l 0x0000AA41 1
l 0x0000AA42 1
l 0x0000AA43 1
s 0x0000AA40 1
s 0x0000AA41 1
s 0x0000AA42 1
s 0x0000AA43 1
s 0x0000AA44 1
s 0x0000AA45 1
s 0x0000AA46 1
s 0x0000AA47 1
s 0x0000AA47 1
s 0x0000AA47 1
s 0x0000AA47 1
l 0x0000AA47 1
l 0x0000AA40 1
l 0x0000AA41 1
l 0x0000AA42 1
l 0x0000AA40 1
l 0x0000AA41 1
l 0x0000AA42 1
l 0x0000AA43 1
s 0x0000AA40 1
s 0x0000AA41 1
s 0x0000AA42 1
s 0x0000AA43 1
s 0x0000AA44 1
s 0x0000AA45 1
s 0x0000AA46 1
s 0x0000AA47 1
s 0x0000AA47 1
s 0x0000AA47 1
s 0x0000AA47 1
l 0x0000AA47 1
l 0x0000AA40 1
l 0x0000AA41 1
l 0x0000AA42 1
l 0x0000AA40 1
l 0x0000AA41 1
l 0x0000AA42 1
l 0x0000AA43 1
s 0x0000AA40 1
s 0x0000AA41 1
s 0x0000AA42 1
s 0x0000AA43 1
s 0x0000AA44 1
s 0x0000AA45 1
s 0x0000AA46 1
s 0x0000AA47 1
s 0x0000AA47 1
s 0x0000AA47 1
s 0x0000AA47 1
l 0x0000AA47 1
l 0x0000AA40 1
l 0x0000AA41 1
l 0x0000AA42 1
l 0x0000AA40 1
l 0x0000AA41 1
l 0x0000AA42 1
l 0x0000AA43 1
s 0x0000AA40 1
s 0x0000AA41 1
s 0x0000AA42 1
s 0x0000AA43 1
s 0x0000AA44 1
s 0x0000AA45 1
s 0x0000AA46 1
s 0x0000AA47 1
s 0x0000AA47 1
s 0x0000AA47 1
s 0x0000AA47 1
l 0x0000AA47 1
l 0x0000AA40 1
l 0x0000AA41 1
l 0x0000AA42 1
l 0x0000AA40 1
l 0x0000AA41 1
l 0x0000AA42 1
l 0x0000AA43 1
s 0x0000AA40 1
s 0x0000AA41 1
s 0x0000AA42 1
s 0x0000AA43 1
s 0x0000AA44 1
s 0x0000AA45 1
s 0x0000AA46 1
s 0x0000AA47 1
s 0x0000AA47 1
s 0x0000AA47 1
s 0x0000AA47 1
l 0x0000AA47 1
l 0x0000AA40 1
l 0x0000AA41 1
l 0x0000AA42 1
l 0x0000AA40 1
l 0x0000AA41 1
l 0x0000AA42 1
l 0x0000AA43 1
s 0x0000AA40 1
s 0x0000AA41 1
s 0x0000AA42 1
s 0x0000AA43 1
s 0x0000AA44 1
s 0x0000AA45 1
s 0x0000AA46 1
s 0x0000AA47 1
s 0x0000AA47 1
s 0x0000AA47 1
s 0x0000AA47 1
l 0x0000AA47 1
l 0x0000AA40 1
l 0x0000AA41 1
l 0x0000AA42 1
l 0x0000AA40 1
l 0x0000AA41 1
l 0x0000AA42 1
l 0x0000AA43 1
s 0x0000AA40 1
s 0x0000AA41 1
s 0x0000AA42 1
s 0x0000AA43 1
s 0x0000AA44 1
s 0x0000AA45 1
s 0x0000AA46 1
s 0x0000AA47 1
s 0x0000AA47 1
s 0x0000AA47 1
s 0x0000AA47 1
l 0x0000AA47 1
l 0x0000AA40 1
l 0x0000AA41 1
l 0x0000AA42 1
l 0x0000AA40 1
l 0x0000AA41 1
l 0x0000AA42 1
l 0x0000AA43 1
s 0x0000AA40 1
s 0x0000AA41 1
s 0x0000AA42 1
s 0x0000AA43 1
s 0x0000AA44 1
s 0x0000AA45 1
s 0x0000AA46 1
s 0x0000AA47 1
s 0x0000AA47 1
s 0x0000AA47 1
s 0x0000AA47 1
l 0x0000AA47 1
l 0x0000AA40 1
l 0x0000AA41 1
l 0x0000AA42 1
l 0x0000AA40 1
l 0x0000AA41 1
l 0x0000AA42 1
l 0x0000AA43 1
s 0x0000AA40 1
s 0x0000AA41 1
s 0x0000AA42 1
s 0x0000AA43 1
s 0x0000AA44 1
s 0x0000AA45 1
s 0x0000AA46 1
s 0x0000AA47 1
s 0x0000AA47 1
s 0x0000AA47 1
s 0x0000AA47 1
l 0x0000AA47 1
l 0x0000AA40 1
l 0x0000AA41 1
l 0x0000AA42 1
l 0x0000AA40 1
l 0x0000AA41 1
l 0x0000AA42 1
l 0x0000AA43 1
s 0x0000AA40 1
s 0x0000AA41 1
s 0x0000AA42 1
s 0x0000AA43 1
s 0x0000AA44 1
s 0x0000AA45 1
s 0x000AA40 1
s 0x000AA40 1
s 0x000AA40 1
s 0x000F231 1
s 0xDEADBEEF 4
s 0xDEADBEEF 4
s 0xDEADBEEF 4
s 0xDEADBEEF 4
s 0xDEADBEEF 4
s 0xDEADBEEF 4
s 0xDEADBEEF 4
s 0xDEADBEEF 4
s 0xDEADBEEF 4
s 0xDEADBEEF 4
s 0x800AA40 1
s 0x0000AA46 1
s 0x0000AA47 1
s 0x0000AA47 1
s 0x0000AA47 1
s 0x0000AA47 1
l 0x0000AA47 1
l 0x0000AA40 1
l 0x0000AA41 1
l 0x0000AA42 1
l 0x8000AA40 1
s 0x000AA040 1
s 0x000F2301 1
s 0x800AA400 1
s 0x18020000 1
s 0x0FFFFFA0 1
s 0xFFFFFFAF 1
s 0x0FCCCCA0 1
l 0xDEADBEEF 4
l 0xDEADBEEF 4
l 0xDEADBEEF 4
l 0xDEADBEEF 4
l 0xDEADBEEF 4
l 0xDEADBEEF 4
l 0xDEADBEEF 4
l 0xDEADBEEF 4
l 0xDEADBEEF 4
l 0xDEADBEEF 4
s 0x1ffffe00 0
s 0x1ffffe08 0
s 0x1ffffe10 1
s 0x1ffffe18 0
s 0x1ffffe20 0
s 0x1ffffdf0 1
l 0x30008ed0 7
l 0x3000c908 1
l 0x3000c908 1
s 0x3000c908 13
l 0x3000c908 1
l 0x3000c8e0 7
l 0x30008e88 2
l 0x1ffffdf0 1
s 0x1ffffdd8 5
s 0x1ffffde0 0
s 0x1ffffdd0 0
l 0x30009ba8 2
l 0x300042d0 2
l 0x1ffffdd0 8
l 0x300042d0 3
s 0x1ffffdc0 9
l 0x30003000 0
l 0x1ffffdc0 2
l 0x1ffffdd0 5
l 0x1ffffde0 4
l 0x1ffffde0 5
l 0x300042d0 3
l 0x1ffffde0 4
l 0x1ffffde8 1
l 0x1ffffdf0 0
l 0x1ffffe00 4
l 0x2005e654 3
l 0x1ffffe00 4
l 0x1ffffe08 1
l 0x1ffffe10 0
l 0x1ffffe20 3
l 0x300042d0 4
l 0x300042d0 6
l 0x300042d0 6
l 0x300042d0 4
s 0x300042d0 3
l 0x1ffffdc0 2
l 0x1ffffdd0 4
l 0x30004818 5
l 0x30004818 5
s 0x30004818 0
l 0x1ffffdd0 3
l 0x300042d0 3
l 0x1ffffdd0 4
l 0x1ffffdd8 1
l 0x1ffffde0 0
l 0x1ffffdf0 3
l 0x1ffffdf0 3
l 0x1ffffdd0 3
s 0x1ffffdc0 4
l 0x30003070 0
l 0x1ffffdc0 2
l 0x1ffffdd0 5
l 0x1ffffde0 4
l 0x1ffffde8 1
l 0x1ffffdf0 0
l 0x1ffffe00 3
l 0x1ffffe00 3
l 0x1ffffe00 1
l 0x300198d4 2
l 0x300042d0 1
l 0x300042d0 5
s 0x300042d0 1
l 0x1ffffdc0 3
l 0x1ffffdd0 4
l 0x1ffffdd8 1
l 0x1ffffde0 0
l 0x1ffffdf0 3
l 0x1ffffdf0 3
l 0x1ffffdf0 1
l 0x3000ca38 2
l 0x30008ef0 4
s 0x3be81340 1
l 0x3be81340 2
s 0x1ffffdb8 1
s 0x1ffffdc0 0
s 0x1ffffdc8 0
s 0x1ffffdd0 0
s 0x1ffffdd8 0
s 0x1ffffde0 0
l 0x1ffffdb0 0
s 0x1ffffdb0 1
l 0x3000c910 4
l 0x30008e88 1
l 0x3000c8e0 0
l 0x300034b8 1
l 0x300034b0 0
l 0x3000ca40 0
l 0x3be81340 4
l 0x3000c910 1
s 0x3be81348 2
s 0x3be81350 1
s 0x3000c910 0
l 0x300034c0 1
s 0x300034c0 1
l 0x1ffffdb0 0
l 0x1ffffdb8 0
l 0x1ffffdc0 0
l 0x1ffffdc8 0
l 0x1ffffdd0 0
l 0x1ffffdd8 0
l 0x1ffffde0 0
l 0x300034a0 5
l 0x20002cc0 0
s 0x300034b8 0
s 0x300034a0 2
s 0x300034b0 3
s 0x300034a8 1
l 0x1ffffdf0 0
l 0x1ffffdf8 0
l 0x1ffffe00 0
l 0x1ffffe08 0
l 0x1ffffe10 0
l 0x1ffffe18 0
l 0x1ffffe20 0
l 0x1ffffe40 3
l 0x1ffffe48 0
l 0x1ffffe50 0
l 0x1ffffe58 0
l 0x3000c910 2
l 0x3be81340 8
l 0x3be81340 6
l 0x1ffffe70 7
l 0x3be81348 2
l 0x3000c910 1
l 0x3be81348 2
l 0x3be81350 0
l 0x30008e88 5
s 0x3000c910 0
l 0x3be81340 1
l 0x300034c0 1
s 0x300034c0 1
s 0x3be81340 1
l 0x3be81340 2
l 0x3000c910 1
s 0x3be81348 2
s 0x3be81350 1
s 0x3000c910 0
l 0x300034c0 1
s 0x300034c0 2
s 0x3be81358 3
l 0x1ffffe70 0
l 0x1ffffe70 4
s 0x3be81358 4
l 0x1ffffe70 1
l 0x1ffffe78 0
l 0x1ffffe80 0
l 0x1ffffe88 0
l 0x1ffffe90 0
l 0x1ffffe98 0
s 0x00000000 3
l 0x1ffffea0 1
l 0x1ffffea8 0
l 0x1ffffeb0 0
l 0x1ffffeb8 0
l 0x1ffffec0 0
s 0x3be81358 4
l 0x1ffffe70 0
l 0x1ffffe70 4
s 0x3be81358 4
l 0x1ffffe70 1
l 0x1ffffe78 0
l 0x1ffffe80 0
l 0x1ffffe88 0
l 0x1ffffe90 0
l 0x1ffffe98 0
s 0x00000000 3
l 0x1ffffea0 1
l 0x1ffffea8 0
l 0x1ffffeb0 0
l 0x1ffffeb8 0
l 0x1ffffec0 0
l 0x1ffffec8 0
s 0x3be81b58 4
l 0x3be81b58 2
l 0x3000c910 1
s 0x3be81b60 2
s 0x3be81b68 1
s 0x3000c910 0
l 0x300034c0 1
s 0x300034c0 1
s 0x3be81358 1
l 0x1ffffe70 0
l 0x1ffffe70 4
s 0x3be81358 4
l 0x1ffffe70 1
l 0x1ffffe78 0
l 0x1ffffe80 0
l 0x1ffffe88 0
l 0x1ffffe90 0
l 0x1ffffe98 0
s 0x00000000 3
l 0x1ffffea0 1
l 0x1ffffea8 0
l 0x1ffffeb0 0
l 0x1ffffeb8 0
l 0x1ffffec0 0
l 0x3be81340 1
s 0x3000c910 5
s 0x3be81b60 6
l 0x3be81350 1
s 0x3be81350 1
s 0x3be81b68 0
l 0x300034c0 3
s 0x300034c0 1
s 0x3be81358 1
l 0x1ffffe70 0
l 0x1ffffe70 4
l 0x1ffffe78 0
l 0x1ffffe80 0
l 0x1ffffe88 0
l 0x1ffffe90 0
l 0x1ffffe98 0
l 0x3be81358 3
l 0x30008ef0 1
l 0x300034e8 2
l 0x30003508 1
s 0x3be81358 1
s 0x300034e8 2
s 0x30003508 0
l 0x1ffffea0 1
l 0x1ffffea8 0
l 0x1ffffeb0 0
l 0x1ffffeb8 0
l 0x1ffffec0 2
l 0x3000c938 4
l 0x30008e70 1
l 0x1ffffed0 1
l 0x1ffffed8 1
l 0x1ffffee0 0
l 0x1ffffee8 0
l 0x1ffffef0 2
l 0x1ffffef0 2
l 0x1ffffef0 5
s 0x3be81368 13
s 0x3be81370 0
s 0x3be81378 0
s 0x3be81360 0
s 0x3be81380 0
s 0x3be81398 0
s 0x3be81388 0
s 0x3be81390 0
s 0x3be813a8 3
s 0x3be813b0 0
s 0x3be813b8 0
s 0x3be813a0 0
s 0x3be813c0 0
s 0x3be813d8 0
s 0x3be813c8 0
s 0x3be813d0 0
s 0x3be813e8 3
s 0x3be813f0 0
s 0x3be813f8 0
s 0x3be813e0 0
s 0x3be81400 0
s 0x3be81418 0
s 0x3be81408 0
s 0x3be81410 0
s 0x3be81428 3
s 0x3be81430 0
s 0x3be81438 0
s 0x3be81420 0
s 0x3be81440 0
s 0x3be81458 0
s 0x3be81448 0
s 0x3be81450 0
s 0x3be81468 3
s 0x3be81470 0
s 0x3be81478 0
s 0x3be81460 0
s 0x3be81480 0
s 0x3be81498 0
s 0x3be81488 0
s 0x3be81490 0
s 0x3be814a8 3
s 0x3be814b0 0
s 0x3be814b8 0
s 0x3be814a0 0
s 0x3be814c0 0
s 0x3be814d8 0
s 0x3be814c8 0
s 0x3be814d0 0
s 0x3be814e8 3
s 0x3be814f0 0
s 0x3be814f8 0
s 0x3be814e0 0
s 0x3be81500 0
s 0x3be81518 0
s 0x3be81508 0
s 0x3be81510 0
s 0x3be81528 3
s 0x3be81530 0
s 0x3be81538 0
s 0x3be81520 0
s 0x3be81540 0
s 0x3be81558 0
s 0x3be81548 0
s 0x3be81550 0
s 0x3be81568 3
s 0x3be81570 0
s 0x3be81578 0
s 0x3be81560 0
s 0x3be81580 0
s 0x3be81598 0
s 0x3be81588 0
s 0x3be81590 0
s 0x3be815a8 3
s 0x3be815b0 0
s 0x3be815b8 0
s 0x3be815a0 0
s 0x3be815c0 0
s 0x3be815d8 0
s 0x3be815c8 0
s 0x3be815d0 0
s 0x3be815e8 3
s 0x3be815f0 0
s 0x3be815f8 0
s 0x3be815e0 0
s 0x3be81600 0
s 0x3be81618 0
s 0x3be81608 0
s 0x3be81610 0
s 0x1ffffd18 8
l 0x1ffffd18 2
l 0x1ffffd00 0
l 0x200006c0 20
l 0x20000a60 3
l 0x200006c8 0
l 0x20000b40 1
l 0x20000628 1
l 0x20001350 1
l 0x20000b48 2
l 0x20000630 1
l 0x200005c8 0
l 0x20000a68 2
l 0x20000648 1
l 0x20000640 1
l 0x1ffffdb0 35
l 0x300088a0 6
s 0x1ffffd00 0
s 0x1ffffd18 1
l 0x1ffffd18 3
l 0x200005a0 2
l 0x200005a8 1
l 0x200005c0 1
l 0x200005b0 1
l 0x200005b8 1
s 0x1ffffd18 8
l 0x1ffffd18 2
l 0x1ffffd00 0
l 0x200006c0 20
l 0x20000a60 3
l 0x200006c8 0
l 0x20000b40 1
l 0x20000628 1
l 0x20001350 1
l 0x20000b48 2
l 0x20000630 1
l 0x200005c8 0
l 0x20000a68 2
l 0x20000648 1
l 0x20000640 1
l 0x1ffffe68 32
l 0x1ffffdb0 2
l 0x300088a0 6
s 0x1ffffd00 0
s 0x1ffffd18 1
l 0x1ffffd18 3
l 0x200005a0 2
l 0x200005a8 1
l 0x200005c0 1
l 0x200005b0 1
l 0x200005b8 1
s 0x1ffffd18 8
l 0x1ffffd18 2
l 0x1ffffd00 0
l 0x200006c0 20
l 0x20000a50 3
l 0x200006c8 0
l 0x20000b50 1
l 0x20000628 1
l 0x20001360 1
l 0x20000b58 2
l 0x20000630 1
l 0x200005c8 0
l 0x20000a58 2
l 0x20000648 1
l 0x20000640 1
l 0x1ffffe70 32
s 0x3b0d9ac0 9
s 0x3b0d9ab8 0
s 0x3b0d9ac8 0
s 0x3b0d9ad0 0
s 0x1ffffe68 18
l 0x300088a0 5
s 0x1ffffd00 0
s 0x1ffffd18 1
l 0x1ffffd18 3
l 0x200005a0 2
l 0x200005a8 1
l 0x200005c0 1
l 0x200005b0 1
l 0x200005b8 1
s 0x1ffffd18 8
l 0x1ffffd18 2
l 0x1ffffd00 0
l 0x200006c0 20
l 0x20000a50 3
l 0x200006c8 0
l 0x20000b50 1
l 0x20000628 1
l 0x20001360 1
l 0x20000b58 2
l 0x20000630 1
l 0x200005c8 0
l 0x20000a58 2
l 0x20000648 1
l 0x20000640 1
l 0x1ffffdb0 34
s 0x1ffffe70 0
l 0x300088a0 6
s 0x1ffffd00 0
s 0x1ffffd18 1
l 0x1ffffd18 3
l 0x200005a0 2
l 0x200005a8 1
l 0x200005c0 1
l 0x200005b0 1
l 0x200005b8 1
s 0x1ffffd18 8
l 0x1ffffd18 2
l 0x1ffffd00 0
l 0x200006c0 20
l 0x20000a40 3
l 0x200006c8 0
l 0x20000b60 1
l 0x20000628 1
l 0x20001370 1
l 0x20000b68 2
l 0x20000630 1
l 0x200005c8 0
l 0x20000a48 2
l 0x20000648 1
l 0x20000640 1
l 0x1ffffdb0 35
l 0x300088a0 6
s 0x1ffffd00 0
s 0x1ffffd18 1
l 0x1ffffd18 3
l 0x200005a0 2
l 0x200005a8 1
l 0x200005c0 1
l 0x200005b0 1
l 0x200005b8 1
s 0x1ffffd18 8
l 0x1ffffd18 2
l 0x1ffffd00 0
l 0x200006c0 20
l 0x20000a40 3
l 0x200006c8 0
l 0x20000b60 1
l 0x20000628 1
l 0x20001370 1
l 0x20000b68 2
l 0x20000630 1
l 0x200005c8 0
l 0x20000a48 2
l 0x20000648 1
l 0x20000640 1
l 0x1ffffe68 32
l 0x1ffffdb0 2
l 0x300088a0 6
s 0x1ffffd00 0
s 0x1ffffd18 1
l 0x1ffffd18 3
l 0x200005a0 2
l 0x200005a8 1
l 0x200005c0 1
l 0x200005b0 1
l 0x200005b8 1
s 0x1ffffd18 8
l 0x1ffffd18 2
l 0x1ffffd00 0
l 0x200006c0 20
l 0x20000a40 3
l 0x200006c8 0
l 0x20000b60 1
l 0x20000628 1
l 0x20001370 1
l 0x20000b68 2
l 0x20000630 1
l 0x200005c8 0
l 0x20000a48 2
l 0x20000648 1
l 0x20000640 1
l 0x1ffffe70 32
s 0x3b0d9ae0 9
s 0x3b0d9ad8 0
s 0x3b0d9ae8 0
s 0x3b0d9af0 0
s 0x1ffffe68 18
l 0x300088a0 5
s 0x1ffffd00 0
s 0x1ffffd18 1
l 0x1ffffd18 3
l 0x200005a0 2
l 0x200005a8 1
l 0x200005c0 1
l 0x200005b0 1
l 0x200005b8 1
s 0x1ffffd18 8
l 0x1ffffd18 2
l 0x1ffffd00 0
l 0x200006c0 20